Build started 11-10-2024 20:34:41.
     1>Project "C:\Users\hp\Documents\Visual Studio 2010\Projects\234101032_digitrecognition\234101032_digitrecognition\234101032_digitrecognition.vcxproj" on node 2 (build target(s)).
     1>InitializeBuildStatus:
         Creating "Debug\234101032_digitrecognition.unsuccessfulbuild" because "AlwaysCreate" was specified.
       ClCompile:
         c:\Program Files (x86)\Microsoft Visual Studio 10.0\VC\bin\CL.exe /c /ZI /nologo /W3 /WX- /Od /Oy- /D WIN32 /D _DEBUG /D _CONSOLE /D _UNICODE /D UNICODE /Gm /EHsc /RTC1 /MDd /GS /fp:precise /Zc:wchar_t /Zc:forScope /Yc"StdAfx.h" /Fp"Debug\234101032_digitrecognition.pch" /Fo"Debug\\" /Fd"Debug\vc100.pdb" /Gd /TP /analyze- /errorReport:prompt stdafx.cpp
         stdafx.cpp
         c:\Program Files (x86)\Microsoft Visual Studio 10.0\VC\bin\CL.exe /c /ZI /nologo /W3 /WX- /Od /Oy- /D WIN32 /D _DEBUG /D _CONSOLE /D _UNICODE /D UNICODE /Gm /EHsc /RTC1 /MDd /GS /fp:precise /Zc:wchar_t /Zc:forScope /Yu"StdAfx.h" /Fp"Debug\234101032_digitrecognition.pch" /Fo"Debug\\" /Fd"Debug\vc100.pdb" /Gd /TP /analyze- /errorReport:prompt 234101032_digitrecognition.cpp
         Skipping... (no relevant changes detected)
         234101032_digitrecognition.cpp
       ManifestResourceCompile:
         All outputs are up-to-date.
       Link:
         c:\Program Files (x86)\Microsoft Visual Studio 10.0\VC\bin\link.exe /ERRORREPORT:PROMPT /OUT:"C:\Users\hp\Documents\Visual Studio 2010\Projects\234101032_digitrecognition\Debug\234101032_digitrecognition.exe" /INCREMENTAL /NOLOGO kernel32.lib user32.lib gdi32.lib winspool.lib comdlg32.lib advapi32.lib shell32.lib ole32.lib oleaut32.lib uuid.lib odbc32.lib odbccp32.lib /MANIFEST /ManifestFile:"Debug\234101032_digitrecognition.exe.intermediate.manifest" /MANIFESTUAC:"level='asInvoker' uiAccess='false'" /DEBUG /PDB:"C:\Users\hp\Documents\Visual Studio 2010\Projects\234101032_digitrecognition\Debug\234101032_digitrecognition.pdb" /SUBSYSTEM:CONSOLE /TLBID:1 /DYNAMICBASE /NXCOMPAT /IMPLIB:"C:\Users\hp\Documents\Visual Studio 2010\Projects\234101032_digitrecognition\Debug\234101032_digitrecognition.lib" /MACHINE:X86 Debug\234101032_digitrecognition.exe.embed.manifest.res
         Debug\234101032_digitrecognition.obj
         Debug\stdafx.obj
       Manifest:
         c:\Program Files (x86)\Microsoft SDKs\Windows\v7.0A\bin\mt.exe /nologo /verbose /out:"Debug\234101032_digitrecognition.exe.embed.manifest" /manifest Debug\234101032_digitrecognition.exe.intermediate.manifest
         All outputs are up-to-date.
       LinkEmbedManifest:
         All outputs are up-to-date.
         234101032_digitrecognition.vcxproj -> C:\Users\hp\Documents\Visual Studio 2010\Projects\234101032_digitrecognition\Debug\234101032_digitrecognition.exe
       FinalizeBuildStatus:
         Deleting file "Debug\234101032_digitrecognition.unsuccessfulbuild".
         Touching "Debug\234101032_digitrecognition.lastbuildstate".
     1>Done Building Project "C:\Users\hp\Documents\Visual Studio 2010\Projects\234101032_digitrecognition\234101032_digitrecognition\234101032_digitrecognition.vcxproj" (build target(s)).

Build succeeded.

Time Elapsed 00:00:03.02
